<?xml version="1.0" encoding="UTF-8"?>
<!-- Generated by org.testng.reporters.JUnitReportReporter -->
<testsuite hostname="DESKTOP-RULROEU" failures="0" tests="1" name="testcases.TranslateTitlesElPais" time="58.962" errors="0" timestamp="2025-07-24T18:54:47 IST" skipped="0">
  <testcase classname="testcases.TranslateTitlesElPais" name="fetchAndTranslateTitles" time="58.962"/>
  <system-out/>
</testsuite> <!-- testcases.TranslateTitlesElPais -->
