<?xml version="1.0" encoding="UTF-8"?>
<!-- Generated by org.testng.reporters.JUnitReportReporter -->
<testsuite hostname="DESKTOP-RULROEU" failures="0" tests="1" name="testcases.ElPaisHeaderAnalyzer" time="19.682" errors="0" timestamp="2025-07-24T23:09:34 IST" skipped="0">
  <testcase classname="testcases.ElPaisHeaderAnalyzer" name="analyzeTranslatedHeaders" time="19.682"/>
  <system-out/>
</testsuite> <!-- testcases.ElPaisHeaderAnalyzer -->
