<?xml version="1.0" encoding="UTF-8"?>
<!-- Generated by org.testng.reporters.JUnitReportReporter -->
<testsuite hostname="DESKTOP-RULROEU" failures="0" tests="1" name="testcases.ElPaisTest" time="8.144" errors="0" timestamp="2025-07-24T14:57:16 IST" skipped="0">
  <testcase classname="testcases.ElPaisTest" name="verifyWebsiteLanguageIsSpanish" time="8.144"/>
  <system-out/>
</testsuite> <!-- testcases.ElPaisTest -->
