<?xml version="1.0" encoding="UTF-8"?>
<!-- Generated by org.testng.reporters.JUnitReportReporter -->
<testsuite hostname="DESKTOP-RULROEU" failures="0" tests="1" name="testcases.ElPaisScraperTest" time="107.373" errors="0" timestamp="2025-07-24T17:21:24 IST" skipped="0">
  <testcase classname="testcases.ElPaisScraperTest" name="scrapeOpinionArticles" time="107.373"/>
  <system-out/>
</testsuite> <!-- testcases.ElPaisScraperTest -->
