<?xml version="1.0" encoding="UTF-8"?>
<!-- Generated by org.testng.reporters.JUnitReportReporter -->
<testsuite hostname="DESKTOP-RULROEU" failures="0" tests="1" name="testcases.IchanFacultyValidation" time="3.925" errors="0" timestamp="2024-09-10T01:00:39 IST" skipped="0">
  <testcase classname="testcases.IchanFacultyValidation" name="searchAndVerifyCardiologyProfiles" time="3.925"/>
  <system-out/>
</testsuite> <!-- testcases.IchanFacultyValidation -->
