<?xml version="1.0" encoding="UTF-8"?>
<!-- Generated by org.testng.reporters.JUnitReportReporter -->
<testsuite hostname="DESKTOP-RULROEU" failures="0" tests="1" name="testcases.ElPaisHeaderTranslator" time="20.464" errors="0" timestamp="2025-07-24T19:08:01 IST" skipped="0">
  <testcase classname="testcases.ElPaisHeaderTranslator" name="translateArticleHeaders" time="20.464"/>
  <system-out/>
</testsuite> <!-- testcases.ElPaisHeaderTranslator -->
