<?xml version="1.0" encoding="UTF-8"?>
<!-- Generated by org.testng.reporters.JUnitReportReporter -->
<testsuite hostname="DESKTOP-RULROEU" failures="0" tests="5" name="testcases.VerifySpanishLanguage" time="187.249" errors="0" timestamp="2025-07-28T00:06:31 IST" skipped="0">
  <testcase classname="testcases.VerifySpanishLanguage" name="verifyPageIsInSpanish" time="40.979"/>
  <testcase classname="testcases.VerifySpanishLanguage" name="verifyPageIsInSpanish" time="30.271"/>
  <testcase classname="testcases.VerifySpanishLanguage" name="verifyPageIsInSpanish" time="36.010"/>
  <testcase classname="testcases.VerifySpanishLanguage" name="verifyPageIsInSpanish" time="44.166"/>
  <testcase classname="testcases.VerifySpanishLanguage" name="verifyPageIsInSpanish" time="35.823"/>
</testsuite> <!-- testcases.VerifySpanishLanguage -->
